<?xml version="1.0" encoding="UTF-8"?>
<!-- Generated by org.testng.reporters.JUnitXMLReporter -->
<testsuite ignored="0" hostname="SANDIWAS01" failures="0" tests="9" name="Default test" time="13.54" errors="0" timestamp="2024-10-06T04:39:17 IST">
  <testcase classname="api.test.DDTests" name="testPostuser" time="2.718"/>
  <testcase classname="api.test.DDTests" name="testPostuser" time="1.077"/>
  <testcase classname="api.test.DDTests" name="testPostuser" time="1.078"/>
  <testcase classname="api.test.DDTests" name="testgeteUserByName" time="1.179"/>
  <testcase classname="api.test.DDTests" name="testgeteUserByName" time="1.107"/>
  <testcase classname="api.test.DDTests" name="testgeteUserByName" time="1.045"/>
  <testcase classname="api.test.DDTests" name="testDeleteUserByName" time="1.055"/>
  <testcase classname="api.test.DDTests" name="testDeleteUserByName" time="1.054"/>
  <testcase classname="api.test.DDTests" name="testDeleteUserByName" time="1.018"/>
</testsuite> <!-- Default test -->
