<?xml version="1.0" encoding="UTF-8"?>
<testng-results ignored="0" total="4" passed="4" failed="0" skipped="0">
  <reporter-output>
  </reporter-output>
  <suite started-at="2024-10-06T20:12:21 IST" name="PetSuite" finished-at="2024-10-06T20:12:30 IST" duration-ms="9584">
    <groups>
    </groups>
    <test started-at="2024-10-06T20:12:21 IST" name="PetTest_1" finished-at="2024-10-06T20:12:30 IST" duration-ms="9584">
      <class name="api.test.UserTests">
        <test-method is-config="true" signature="setup()[pri:0, instance:api.test.UserTests@543295b0]" started-at="2024-10-06T20:12:21 IST" name="setup" finished-at="2024-10-06T20:12:23 IST" duration-ms="1301" status="PASS">
          <reporter-output>
          </reporter-output>
        </test-method> <!-- setup -->
        <test-method signature="testPostUser()[pri:1, instance:api.test.UserTests@543295b0]" started-at="2024-10-06T20:12:23 IST" name="testPostUser" finished-at="2024-10-06T20:12:26 IST" duration-ms="3432" status="PASS">
          <reporter-output>
          </reporter-output>
        </test-method> <!-- testPostUser -->
        <test-method signature="testGetUserByName()[pri:2, instance:api.test.UserTests@543295b0]" started-at="2024-10-06T20:12:26 IST" name="testGetUserByName" finished-at="2024-10-06T20:12:27 IST" duration-ms="1125" status="PASS">
          <reporter-output>
          </reporter-output>
        </test-method> <!-- testGetUserByName -->
        <test-method signature="testUpdateUserByName()[pri:3, instance:api.test.UserTests@543295b0]" started-at="2024-10-06T20:12:27 IST" name="testUpdateUserByName" finished-at="2024-10-06T20:12:29 IST" duration-ms="2162" status="PASS">
          <reporter-output>
          </reporter-output>
        </test-method> <!-- testUpdateUserByName -->
        <test-method signature="testDeleteUserByName()[pri:4, instance:api.test.UserTests@543295b0]" started-at="2024-10-06T20:12:29 IST" name="testDeleteUserByName" finished-at="2024-10-06T20:12:30 IST" duration-ms="1033" status="PASS">
          <reporter-output>
          </reporter-output>
        </test-method> <!-- testDeleteUserByName -->
      </class> <!-- api.test.UserTests -->
    </test> <!-- PetTest_1 -->
  </suite> <!-- PetSuite -->
</testng-results>
