<?xml version="1.0" encoding="UTF-8"?>
<!-- Generated by org.testng.reporters.JUnitXMLReporter -->
<testsuite ignored="0" hostname="SANDIWAS01" failures="0" tests="13" name="PetTest_1" time="17.964" errors="0" timestamp="2024-10-07T00:33:04 IST">
  <testcase classname="api.test.UserTests" name="testPostUser" time="2.499"/>
  <testcase classname="api.test.UserTests" name="testGetUserByName" time="1.077"/>
  <testcase classname="api.test.UserTests" name="testUpdateUserByName" time="2.156"/>
  <testcase classname="api.test.UserTests" name="testDeleteUserByName" time="1.026"/>
  <testcase classname="api.test.DDTests" name="testPostuser" time="1.044"/>
  <testcase classname="api.test.DDTests" name="testPostuser" time="1.072"/>
  <testcase classname="api.test.DDTests" name="testPostuser" time="1.098"/>
  <testcase classname="api.test.DDTests" name="testgeteUserByName" time="1.03"/>
  <testcase classname="api.test.DDTests" name="testgeteUserByName" time="1.072"/>
  <testcase classname="api.test.DDTests" name="testgeteUserByName" time="1.033"/>
  <testcase classname="api.test.DDTests" name="testDeleteUserByName" time="1.063"/>
  <testcase classname="api.test.DDTests" name="testDeleteUserByName" time="1.012"/>
  <testcase classname="api.test.DDTests" name="testDeleteUserByName" time="1.022"/>
</testsuite> <!-- PetTest_1 -->
