<?xml version="1.0" encoding="UTF-8"?>
<!-- Generated by org.testng.reporters.JUnitXMLReporter -->
<testsuite ignored="0" hostname="SANDIWAS01" failures="0" tests="9" name="PetTest_2" time="10.448" errors="0" timestamp="2024-10-06T04:44:37 IST">
  <testcase classname="api.test.DDTests" name="testPostuser" time="1.042"/>
  <testcase classname="api.test.DDTests" name="testPostuser" time="1.082"/>
  <testcase classname="api.test.DDTests" name="testPostuser" time="1.056"/>
  <testcase classname="api.test.DDTests" name="testgeteUserByName" time="1.031"/>
  <testcase classname="api.test.DDTests" name="testgeteUserByName" time="1.042"/>
  <testcase classname="api.test.DDTests" name="testgeteUserByName" time="1.043"/>
  <testcase classname="api.test.DDTests" name="testDeleteUserByName" time="1.046"/>
  <testcase classname="api.test.DDTests" name="testDeleteUserByName" time="1.026"/>
  <testcase classname="api.test.DDTests" name="testDeleteUserByName" time="1.067"/>
</testsuite> <!-- PetTest_2 -->
