<?xml version="1.0" encoding="UTF-8"?>
<!-- Generated by org.testng.reporters.JUnitXMLReporter -->
<testsuite ignored="0" hostname="SANDIWAS01" failures="0" tests="4" name="PetTest" time="10.53" errors="0" timestamp="2024-10-06T19:24:28 IST">
  <testcase classname="api.test.UserTests2" name="testPostUser" time="3.341"/>
  <testcase classname="api.test.UserTests2" name="testGetUserByName" time="1.435"/>
  <testcase classname="api.test.UserTests2" name="testUpdateUserByName" time="2.966"/>
  <testcase classname="api.test.UserTests2" name="testDeleteUserByName" time="1.347"/>
</testsuite> <!-- PetTest -->
