<?xml version="1.0" encoding="UTF-8"?>
<!-- Generated by org.testng.reporters.JUnitXMLReporter -->
<testsuite ignored="0" hostname="SANDIWAS01" failures="0" tests="4" name="PetTest1" time="7.587" errors="0" timestamp="2024-10-06T04:15:11 IST">
  <testcase classname="api.test.UserTests" name="testPostUser" time="2.696"/>
  <testcase classname="api.test.UserTests" name="testGetUserByName" time="1.088"/>
  <testcase classname="api.test.UserTests" name="testUpdateUserByName" time="2.117"/>
  <testcase classname="api.test.UserTests" name="testDeleteUserByName" time="1.087"/>
</testsuite> <!-- PetTest1 -->
